This is pdfTeX, Version 3.141592653-2.6-1.40.26 (MiKTeX 24.4 Portable) (preloaded format=pdflatex 2024.8.9)  13 AUG 2024 17:51
entering extended mode
 restricted \write18 enabled.
 %&-line parsing enabled.
**./index.tex
(index.tex
LaTeX2e <2024-06-01> patch level 2
L3 programming layer <2024-07-20>

(C:\ProgramData\scoop\apps\miktex\current\texmfs\install\tex/latex/base\article
.cls
Document Class: article 2024/02/08 v1.4n Standard LaTeX document class

(C:\ProgramData\scoop\apps\miktex\current\texmfs\install\tex/latex/base\size11.
clo
File: size11.clo 2024/02/08 v1.4n Standard LaTeX file (size option)
)
\c@part=\count194
\c@section=\count195
\c@subsection=\count196
\c@subsubsection=\count197
\c@paragraph=\count198
\c@subparagraph=\count199
\c@figure=\count266
\c@table=\count267
\abovecaptionskip=\skip49
\belowcaptionskip=\skip50
\bibindent=\dimen141
)
(C:\ProgramData\scoop\apps\miktex\current\texmfs\install\tex/latex/geometry\geo
metry.sty
Package: geometry 2020/01/02 v5.9 Page Geometry

(C:\ProgramData\scoop\apps\miktex\current\texmfs\install\tex/latex/graphics\key
val.sty
Package: keyval 2022/05/29 v1.15 key=value parser (DPC)
\KV@toks@=\toks17
)
(C:\ProgramData\scoop\apps\miktex\current\texmfs\install\tex/generic/iftex\ifvt
ex.sty
Package: ifvtex 2019/10/25 v1.7 ifvtex legacy package. Use iftex instead.

(C:\ProgramData\scoop\apps\miktex\current\texmfs\install\tex/generic/iftex\ifte
x.sty
Package: iftex 2022/02/03 v1.0f TeX engine tests
))
\Gm@cnth=\count268
\Gm@cntv=\count269
\c@Gm@tempcnt=\count270
\Gm@bindingoffset=\dimen142
\Gm@wd@mp=\dimen143
\Gm@odd@mp=\dimen144
\Gm@even@mp=\dimen145
\Gm@layoutwidth=\dimen146
\Gm@layoutheight=\dimen147
\Gm@layouthoffset=\dimen148
\Gm@layoutvoffset=\dimen149
\Gm@dimlist=\toks18

(C:\ProgramData\scoop\apps\miktex\current\texmfs\install\tex/latex/geometry\geo
metry.cfg))
(C:\ProgramData\scoop\apps\miktex\current\texmfs\install\tex/latex/titlesec\tit
lesec.sty
Package: titlesec 2023/10/27 v2.16 Sectioning titles
\ttl@box=\box52
\beforetitleunit=\skip51
\aftertitleunit=\skip52
\ttl@plus=\dimen150
\ttl@minus=\dimen151
\ttl@toksa=\toks19
\titlewidth=\dimen152
\titlewidthlast=\dimen153
\titlewidthfirst=\dimen154
)
(C:\ProgramData\scoop\apps\miktex\current\texmfs\install\tex/latex/tools\tabula
rx.sty
Package: tabularx 2023/12/11 v2.12a `tabularx' package (DPC)

(C:\ProgramData\scoop\apps\miktex\current\texmfs\install\tex/latex/tools\array.
sty
Package: array 2024/06/14 v2.6d Tabular extension package (FMi)
\col@sep=\dimen155
\ar@mcellbox=\box53
\extrarowheight=\dimen156
\NC@list=\toks20
\extratabsurround=\skip53
\backup@length=\skip54
\ar@cellbox=\box54
)
\TX@col@width=\dimen157
\TX@old@table=\dimen158
\TX@old@col=\dimen159
\TX@target=\dimen160
\TX@delta=\dimen161
\TX@cols=\count271
\TX@ftn=\toks21
)
(C:\ProgramData\scoop\apps\miktex\current\texmfs\install\tex/latex/xcolor\xcolo
r.sty
Package: xcolor 2023/11/15 v3.01 LaTeX color extensions (UK)

(C:\ProgramData\scoop\apps\miktex\current\texmfs\install\tex/latex/graphics-cfg
\color.cfg
File: color.cfg 2016/01/02 v1.6 sample color configuration
)
Package xcolor Info: Driver file: pdftex.def on input line 274.

(C:\ProgramData\scoop\apps\miktex\current\texmfs\install\tex/latex/graphics-def
\pdftex.def
File: pdftex.def 2024/04/13 v1.2c Graphics/color driver for pdftex
)
(C:\ProgramData\scoop\apps\miktex\current\texmfs\install\tex/latex/graphics\mat
hcolor.ltx)
Package xcolor Info: Model `cmy' substituted by `cmy0' on input line 1350.
Package xcolor Info: Model `hsb' substituted by `rgb' on input line 1354.
Package xcolor Info: Model `RGB' extended on input line 1366.
Package xcolor Info: Model `HTML' substituted by `rgb' on input line 1368.
Package xcolor Info: Model `Hsb' substituted by `hsb' on input line 1369.
Package xcolor Info: Model `tHsb' substituted by `hsb' on input line 1370.
Package xcolor Info: Model `HSB' substituted by `hsb' on input line 1371.
Package xcolor Info: Model `Gray' substituted by `gray' on input line 1372.
Package xcolor Info: Model `wave' substituted by `hsb' on input line 1373.
)
(C:\ProgramData\scoop\apps\miktex\current\texmfs\install\tex/latex/graphics\dvi
psnam.def
File: dvipsnam.def 2016/06/17 v3.0m Driver-dependent file (DPC,SPQR)
)
(C:\ProgramData\scoop\apps\miktex\current\texmfs\install\tex/latex/enumitem\enu
mitem.sty
Package: enumitem 2019/06/20 v3.9 Customized lists
\labelindent=\skip55
\enit@outerparindent=\dimen162
\enit@toks=\toks22
\enit@inbox=\box55
\enit@count@id=\count272
\enitdp@description=\count273
)
(C:\ProgramData\scoop\apps\miktex\current\texmfs\install\tex/latex/fontawesome5
\fontawesome5.sty
(C:\ProgramData\scoop\apps\miktex\current\texmfs\install\tex/latex/l3kernel\exp
l3.sty
Package: expl3 2024-07-20 L3 programming layer (loader) 

(C:\ProgramData\scoop\apps\miktex\current\texmfs\install\tex/latex/l3backend\l3
backend-pdftex.def
File: l3backend-pdftex.def 2024-05-08 L3 backend support: PDF output (pdfTeX)
\l__color_backend_stack_int=\count274
\l__pdf_internal_box=\box56
))
Package: fontawesome5 2022/05/02 v5.15.4 Font Awesome 5

(C:\ProgramData\scoop\apps\miktex\current\texmfs\install\tex/latex/l3packages/l
3keys2e\l3keys2e.sty
Package: l3keys2e 2024-05-08 LaTeX2e option processing using LaTeX3 keys
)
(C:\ProgramData\scoop\apps\miktex\current\texmfs\install\tex/latex/l3packages/x
parse\xparse.sty
Package: xparse 2024-05-08 L3 Experimental document command parser
)
(C:\ProgramData\scoop\apps\miktex\current\texmfs\install\tex/latex/fontawesome5
\fontawesome5-generic-helper.sty
Package: fontawesome5-generic-helper 2022/05/02 v5.15.4 non-uTeX helper for fon
tawesome5

(C:\ProgramData\scoop\apps\miktex\current\texmfs\install\tex/latex/fontawesome5
\fontawesome5-mapping.def)))
(C:\ProgramData\scoop\apps\miktex\current\texmfs\install\tex/latex/amsmath\amsm
ath.sty
Package: amsmath 2024/05/23 v2.17q AMS math features
\@mathmargin=\skip56

For additional information on amsmath, use the `?' option.

(C:\ProgramData\scoop\apps\miktex\current\texmfs\install\tex/latex/amsmath\amst
ext.sty
Package: amstext 2021/08/26 v2.01 AMS text

(C:\ProgramData\scoop\apps\miktex\current\texmfs\install\tex/latex/amsmath\amsg
en.sty
File: amsgen.sty 1999/11/30 v2.0 generic functions
\@emptytoks=\toks23
\ex@=\dimen163
))
(C:\ProgramData\scoop\apps\miktex\current\texmfs\install\tex/latex/amsmath\amsb
sy.sty
Package: amsbsy 1999/11/29 v1.2d Bold Symbols
\pmbraise@=\dimen164
)
(C:\ProgramData\scoop\apps\miktex\current\texmfs\install\tex/latex/amsmath\amso
pn.sty
Package: amsopn 2022/04/08 v2.04 operator names
)
\inf@bad=\count275
LaTeX Info: Redefining \frac on input line 233.
\uproot@=\count276
\leftroot@=\count277
LaTeX Info: Redefining \overline on input line 398.
LaTeX Info: Redefining \colon on input line 409.
\classnum@=\count278
\DOTSCASE@=\count279
LaTeX Info: Redefining \ldots on input line 495.
LaTeX Info: Redefining \dots on input line 498.
LaTeX Info: Redefining \cdots on input line 619.
\Mathstrutbox@=\box57
\strutbox@=\box58
LaTeX Info: Redefining \big on input line 721.
LaTeX Info: Redefining \Big on input line 722.
LaTeX Info: Redefining \bigg on input line 723.
LaTeX Info: Redefining \Bigg on input line 724.
\big@size=\dimen165
LaTeX Font Info:    Redeclaring font encoding OML on input line 742.
LaTeX Font Info:    Redeclaring font encoding OMS on input line 743.
\macc@depth=\count280
LaTeX Info: Redefining \bmod on input line 904.
LaTeX Info: Redefining \pmod on input line 909.
LaTeX Info: Redefining \smash on input line 939.
LaTeX Info: Redefining \relbar on input line 969.
LaTeX Info: Redefining \Relbar on input line 970.
\c@MaxMatrixCols=\count281
\dotsspace@=\muskip17
\c@parentequation=\count282
\dspbrk@lvl=\count283
\tag@help=\toks24
\row@=\count284
\column@=\count285
\maxfields@=\count286
\andhelp@=\toks25
\eqnshift@=\dimen166
\alignsep@=\dimen167
\tagshift@=\dimen168
\tagwidth@=\dimen169
\totwidth@=\dimen170
\lineht@=\dimen171
\@envbody=\toks26
\multlinegap=\skip57
\multlinetaggap=\skip58
\mathdisplay@stack=\toks27
LaTeX Info: Redefining \[ on input line 2953.
LaTeX Info: Redefining \] on input line 2954.
)
(C:\ProgramData\scoop\apps\miktex\current\texmfs\install\tex/latex/hyperref\hyp
erref.sty
Package: hyperref 2024-07-10 v7.01j Hypertext links for LaTeX

(C:\ProgramData\scoop\apps\miktex\current\texmfs\install\tex/latex/kvsetkeys\kv
setkeys.sty
Package: kvsetkeys 2022-10-05 v1.19 Key value parser (HO)
)
(C:\ProgramData\scoop\apps\miktex\current\texmfs\install\tex/generic/kvdefineke
ys\kvdefinekeys.sty
Package: kvdefinekeys 2019-12-19 v1.6 Define keys (HO)
)
(C:\ProgramData\scoop\apps\miktex\current\texmfs\install\tex/generic/pdfescape\
pdfescape.sty
Package: pdfescape 2019/12/09 v1.15 Implements pdfTeX's escape features (HO)

(C:\ProgramData\scoop\apps\miktex\current\texmfs\install\tex/generic/ltxcmds\lt
xcmds.sty
Package: ltxcmds 2023-12-04 v1.26 LaTeX kernel commands for general use (HO)
)
(C:\ProgramData\scoop\apps\miktex\current\texmfs\install\tex/generic/pdftexcmds
\pdftexcmds.sty
Package: pdftexcmds 2020-06-27 v0.33 Utility functions of pdfTeX for LuaTeX (HO
)

(C:\ProgramData\scoop\apps\miktex\current\texmfs\install\tex/generic/infwarerr\
infwarerr.sty
Package: infwarerr 2019/12/03 v1.5 Providing info/warning/error messages (HO)
)
Package pdftexcmds Info: \pdf@primitive is available.
Package pdftexcmds Info: \pdf@ifprimitive is available.
Package pdftexcmds Info: \pdfdraftmode found.
))
(C:\ProgramData\scoop\apps\miktex\current\texmfs\install\tex/latex/hycolor\hyco
lor.sty
Package: hycolor 2020-01-27 v1.10 Color options for hyperref/bookmark (HO)
)
(C:\ProgramData\scoop\apps\miktex\current\texmfs\install\tex/latex/hyperref\nam
eref.sty
Package: nameref 2023-11-26 v2.56 Cross-referencing by name of section

(C:\ProgramData\scoop\apps\miktex\current\texmfs\install\tex/latex/refcount\ref
count.sty
Package: refcount 2019/12/15 v3.6 Data extraction from label references (HO)
)
(C:\ProgramData\scoop\apps\miktex\current\texmfs\install\tex/generic/gettitlest
ring\gettitlestring.sty
Package: gettitlestring 2019/12/15 v1.6 Cleanup title references (HO)

(C:\ProgramData\scoop\apps\miktex\current\texmfs\install\tex/latex/kvoptions\kv
options.sty
Package: kvoptions 2022-06-15 v3.15 Key value format for package options (HO)
))
\c@section@level=\count287
)
(C:\ProgramData\scoop\apps\miktex\current\texmfs\install\tex/latex/etoolbox\eto
olbox.sty
Package: etoolbox 2020/10/05 v2.5k e-TeX tools for LaTeX (JAW)
\etb@tempcnta=\count288
)
(C:\ProgramData\scoop\apps\miktex\current\texmfs\install\tex/generic/stringenc\
stringenc.sty
Package: stringenc 2019/11/29 v1.12 Convert strings between diff. encodings (HO
)
)
\@linkdim=\dimen172
\Hy@linkcounter=\count289
\Hy@pagecounter=\count290

(C:\ProgramData\scoop\apps\miktex\current\texmfs\install\tex/latex/hyperref\pd1
enc.def
File: pd1enc.def 2024-07-10 v7.01j Hyperref: PDFDocEncoding definition (HO)
Now handling font encoding PD1 ...
... no UTF-8 mapping file for font encoding PD1
)
(C:\ProgramData\scoop\apps\miktex\current\texmfs\install\tex/generic/intcalc\in
tcalc.sty
Package: intcalc 2019/12/15 v1.3 Expandable calculations with integers (HO)
)
\Hy@SavedSpaceFactor=\count291

(C:\ProgramData\scoop\apps\miktex\current\texmfs\install\tex/latex/hyperref\pue
nc.def
File: puenc.def 2024-07-10 v7.01j Hyperref: PDF Unicode definition (HO)
Now handling font encoding PU ...
... no UTF-8 mapping file for font encoding PU
)
Package hyperref Info: Option `colorlinks' set `true' on input line 4040.
Package hyperref Info: Hyper figures OFF on input line 4157.
Package hyperref Info: Link nesting OFF on input line 4162.
Package hyperref Info: Hyper index ON on input line 4165.
Package hyperref Info: Plain pages OFF on input line 4172.
Package hyperref Info: Backreferencing OFF on input line 4177.
Package hyperref Info: Implicit mode ON; LaTeX internals redefined.
Package hyperref Info: Bookmarks ON on input line 4424.
\c@Hy@tempcnt=\count292

(C:\ProgramData\scoop\apps\miktex\current\texmfs\install\tex/latex/url\url.sty
\Urlmuskip=\muskip18
Package: url 2013/09/16  ver 3.4  Verb mode for urls, etc.
)
LaTeX Info: Redefining \url on input line 4763.
\XeTeXLinkMargin=\dimen173

(C:\ProgramData\scoop\apps\miktex\current\texmfs\install\tex/generic/bitset\bit
set.sty
Package: bitset 2019/12/09 v1.3 Handle bit-vector datatype (HO)

(C:\ProgramData\scoop\apps\miktex\current\texmfs\install\tex/generic/bigintcalc
\bigintcalc.sty
Package: bigintcalc 2019/12/15 v1.5 Expandable calculations on big integers (HO
)
))
\Fld@menulength=\count293
\Field@Width=\dimen174
\Fld@charsize=\dimen175
Package hyperref Info: Hyper figures OFF on input line 6042.
Package hyperref Info: Link nesting OFF on input line 6047.
Package hyperref Info: Hyper index ON on input line 6050.
Package hyperref Info: backreferencing OFF on input line 6057.
Package hyperref Info: Link coloring ON on input line 6060.
Package hyperref Info: Link coloring with OCG OFF on input line 6067.
Package hyperref Info: PDF/A mode OFF on input line 6072.

(C:\ProgramData\scoop\apps\miktex\current\texmfs\install\tex/latex/base\atbegsh
i-ltx.sty
Package: atbegshi-ltx 2021/01/10 v1.0c Emulation of the original atbegshi
package with kernel methods
)
\Hy@abspage=\count294
\c@Item=\count295
\c@Hfootnote=\count296
)
Package hyperref Info: Driver (autodetected): hpdftex.

(C:\ProgramData\scoop\apps\miktex\current\texmfs\install\tex/latex/hyperref\hpd
ftex.def
File: hpdftex.def 2024-07-10 v7.01j Hyperref driver for pdfTeX

(C:\ProgramData\scoop\apps\miktex\current\texmfs\install\tex/latex/base\atverye
nd-ltx.sty
Package: atveryend-ltx 2020/08/19 v1.0a Emulation of the original atveryend pac
kage
with kernel methods
)
\Fld@listcount=\count297
\c@bookmark@seq@number=\count298

(C:\ProgramData\scoop\apps\miktex\current\texmfs\install\tex/latex/rerunfileche
ck\rerunfilecheck.sty
Package: rerunfilecheck 2022-07-10 v1.10 Rerun checks for auxiliary files (HO)

(C:\ProgramData\scoop\apps\miktex\current\texmfs\install\tex/generic/uniquecoun
ter\uniquecounter.sty
Package: uniquecounter 2019/12/15 v1.4 Provide unlimited unique counter (HO)
)
Package uniquecounter Info: New unique counter `rerunfilecheck' on input line 2
85.
)
\Hy@SectionHShift=\skip59
)
(C:\ProgramData\scoop\apps\miktex\current\texmfs\install\tex/latex/eso-pic\eso-
pic.sty
Package: eso-pic 2023/05/03 v3.0c eso-pic (RN)
\ESO@tempdima=\dimen176
\ESO@tempdimb=\dimen177
)
(C:\ProgramData\scoop\apps\miktex\current\texmfs\install\tex/latex/tools\calc.s
ty
Package: calc 2023/07/08 v4.3 Infix arithmetic (KKT,FJ)
\calc@Acount=\count299
\calc@Bcount=\count300
\calc@Adimen=\dimen178
\calc@Bdimen=\dimen179
\calc@Askip=\skip60
\calc@Bskip=\skip61
LaTeX Info: Redefining \setlength on input line 80.
LaTeX Info: Redefining \addtolength on input line 81.
\calc@Ccount=\count301
\calc@Cskip=\skip62
)
(C:\ProgramData\scoop\apps\miktex\current\texmfs\install\tex/latex/bookmark\boo
kmark.sty
Package: bookmark 2023-12-10 v1.31 PDF bookmarks (HO)

(C:\ProgramData\scoop\apps\miktex\current\texmfs\install\tex/latex/bookmark\bkm
-pdftex.def
File: bkm-pdftex.def 2023-12-10 v1.31 bookmark driver for pdfTeX and luaTeX (HO
)
\BKM@id=\count302
))
(C:\ProgramData\scoop\apps\miktex\current\texmfs\install\tex/latex/lastpage\las
tpage.sty
Package: lastpage 2024/07/07 v2.1c lastpage: 2.09 or 2e? (HMM)

(C:\ProgramData\scoop\apps\miktex\current\texmfs\install\tex/latex/lastpage\las
tpage2e.sty
Package: lastpage2e 2024/07/07 v2.1c Decide which 2e lastpage version to use (H
MM)

(C:\ProgramData\scoop\apps\miktex\current\texmfs\install\tex/latex/lastpage\las
tpagemodern.sty
Package: lastpagemodern 2024-07-07 v2.1c Refers to last page's name (HMM; JPG)
\c@lastpagecount=\count303
) 
))
(C:\ProgramData\scoop\apps\miktex\current\texmfs\install\tex/latex/changepage\c
hangepage.sty
Package: changepage 2009/10/20 v1.0c check page and change page layout
\c@cp@cntr=\count304
\cp@tempcnt=\count305
)
(C:\ProgramData\scoop\apps\miktex\current\texmfs\install\tex/latex/paracol\para
col.sty
Package: paracol 2018/12/31 v1.35 
\pcol@currcol=\count306
\pcol@nextcol=\count307
\pcol@ncol=\count308
\pcol@ncolleft=\count309
\pcol@page=\count310
\pcol@basepage=\count311
\pcol@toppage=\count312
\pcol@footnotebase=\count313
\pcol@nfootnotes=\count314
\pcol@mcid=\count315
\pcol@prevdepth=\dimen180
\pcol@colht=\dimen181
\pcol@textfloatsep=\dimen182
\pcol@lrmargin=\dimen183
\pagerim=\dimen184
\pcol@topskip=\skip63
\belowfootnoteskip=\skip64
\pcol@topfnotes=\box59
\pcol@prespan=\box60
\pcol@rightpage=\box61
\pcol@colorstack@saved=\box62
\pcol@tempboxa=\box63
\pcol@tempboxb=\box64
\pcol@colorins=\insert252
\pcol@everyvbox=\toks28
)
(C:\ProgramData\scoop\apps\miktex\current\texmfs\install\tex/latex/base\ifthen.
sty
Package: ifthen 2024/03/16 v1.1e Standard LaTeX ifthen package (DPC)
)
(C:\ProgramData\scoop\apps\miktex\current\texmfs\install\tex/latex/needspace\ne
edspace.sty
Package: needspace 2010/09/12 v1.3d reserve vertical space
)
(C:\ProgramData\scoop\apps\miktex\current\texmfs\install\tex/generic/pdftex\gly
phtounicode.tex)
(C:\ProgramData\scoop\apps\miktex\current\texmfs\install\tex/latex/base\fontenc
.sty
Package: fontenc 2021/04/29 v2.0v Standard LaTeX package
)
(C:\ProgramData\scoop\apps\miktex\current\texmfs\install\tex/latex/base\inputen
c.sty
Package: inputenc 2024/02/08 v1.3d Input encoding file
\inpenc@prehook=\toks29
\inpenc@posthook=\toks30
)
(C:\ProgramData\scoop\apps\miktex\current\texmfs\install\tex/latex/lm\lmodern.s
ty
Package: lmodern 2015/05/01 v1.6.1 Latin Modern Fonts
LaTeX Font Info:    Overwriting symbol font `operators' in version `normal'
(Font)                  OT1/cmr/m/n --> OT1/lmr/m/n on input line 22.
LaTeX Font Info:    Overwriting symbol font `letters' in version `normal'
(Font)                  OML/cmm/m/it --> OML/lmm/m/it on input line 23.
LaTeX Font Info:    Overwriting symbol font `symbols' in version `normal'
(Font)                  OMS/cmsy/m/n --> OMS/lmsy/m/n on input line 24.
LaTeX Font Info:    Overwriting symbol font `largesymbols' in version `normal'
(Font)                  OMX/cmex/m/n --> OMX/lmex/m/n on input line 25.
LaTeX Font Info:    Overwriting symbol font `operators' in version `bold'
(Font)                  OT1/cmr/bx/n --> OT1/lmr/bx/n on input line 26.
LaTeX Font Info:    Overwriting symbol font `letters' in version `bold'
(Font)                  OML/cmm/b/it --> OML/lmm/b/it on input line 27.
LaTeX Font Info:    Overwriting symbol font `symbols' in version `bold'
(Font)                  OMS/cmsy/b/n --> OMS/lmsy/b/n on input line 28.
LaTeX Font Info:    Overwriting symbol font `largesymbols' in version `bold'
(Font)                  OMX/cmex/m/n --> OMX/lmex/m/n on input line 29.
LaTeX Font Info:    Overwriting math alphabet `\mathbf' in version `normal'
(Font)                  OT1/cmr/bx/n --> OT1/lmr/bx/n on input line 31.
LaTeX Font Info:    Overwriting math alphabet `\mathsf' in version `normal'
(Font)                  OT1/cmss/m/n --> OT1/lmss/m/n on input line 32.
LaTeX Font Info:    Overwriting math alphabet `\mathit' in version `normal'
(Font)                  OT1/cmr/m/it --> OT1/lmr/m/it on input line 33.
LaTeX Font Info:    Overwriting math alphabet `\mathtt' in version `normal'
(Font)                  OT1/cmtt/m/n --> OT1/lmtt/m/n on input line 34.
LaTeX Font Info:    Overwriting math alphabet `\mathbf' in version `bold'
(Font)                  OT1/cmr/bx/n --> OT1/lmr/bx/n on input line 35.
LaTeX Font Info:    Overwriting math alphabet `\mathsf' in version `bold'
(Font)                  OT1/cmss/bx/n --> OT1/lmss/bx/n on input line 36.
LaTeX Font Info:    Overwriting math alphabet `\mathit' in version `bold'
(Font)                  OT1/cmr/bx/it --> OT1/lmr/bx/it on input line 37.
LaTeX Font Info:    Overwriting math alphabet `\mathtt' in version `bold'
(Font)                  OT1/cmtt/m/n --> OT1/lmtt/m/n on input line 38.
)
(C:\ProgramData\scoop\apps\miktex\current\texmfs\install\tex/latex/psnfss\chart
er.sty
Package: charter 2020/03/25 PSNFSS-v9.3 (P.Dyballa) 
)
LaTeX Font Info:    Trying to load font information for T1+bch on input line 14
8.

(C:\ProgramData\scoop\apps\miktex\current\texmfs\install\tex/latex/psnfss\t1bch
.fd
File: t1bch.fd 2004/10/18 font definitions for T1/bch.
) (index.aux)
\openout1 = `index.aux'.

LaTeX Font Info:    Checking defaults for OML/cmm/m/it on input line 148.
LaTeX Font Info:    ... okay on input line 148.
LaTeX Font Info:    Checking defaults for OMS/cmsy/m/n on input line 148.
LaTeX Font Info:    ... okay on input line 148.
LaTeX Font Info:    Checking defaults for OT1/cmr/m/n on input line 148.
LaTeX Font Info:    ... okay on input line 148.
LaTeX Font Info:    Checking defaults for T1/cmr/m/n on input line 148.
LaTeX Font Info:    ... okay on input line 148.
LaTeX Font Info:    Checking defaults for TS1/cmr/m/n on input line 148.
LaTeX Font Info:    ... okay on input line 148.
LaTeX Font Info:    Checking defaults for OMX/cmex/m/n on input line 148.
LaTeX Font Info:    ... okay on input line 148.
LaTeX Font Info:    Checking defaults for U/cmr/m/n on input line 148.
LaTeX Font Info:    ... okay on input line 148.
LaTeX Font Info:    Checking defaults for PD1/pdf/m/n on input line 148.
LaTeX Font Info:    ... okay on input line 148.
LaTeX Font Info:    Checking defaults for PU/pdf/m/n on input line 148.
LaTeX Font Info:    ... okay on input line 148.

*geometry* driver: auto-detecting
*geometry* detected driver: pdftex
*geometry* verbose mode - [ preamble ] result:
* driver: pdftex
* paper: a4paper
* layout: <same size as paper>
* layoutoffset:(h,v)=(0.0pt,0.0pt)
* modes: 
* h-part:(L,W,R)=(56.9055pt, 483.69687pt, 56.9055pt)
* v-part:(T,H,B)=(56.9055pt, 731.23584pt, 56.9055pt)
* \paperwidth=597.50787pt
* \paperheight=845.04684pt
* \textwidth=483.69687pt
* \textheight=731.23584pt
* \oddsidemargin=-15.36449pt
* \evensidemargin=-15.36449pt
* \topmargin=-52.36449pt
* \headheight=12.0pt
* \headsep=25.0pt
* \topskip=0.0pt
* \footskip=28.45274pt
* \marginparwidth=50.0pt
* \marginparsep=10.0pt
* \columnsep=4.26773pt
* \skip\footins=10.0pt plus 4.0pt minus 2.0pt
* \hoffset=0.0pt
* \voffset=0.0pt
* \mag=1000
* \@twocolumnfalse
* \@twosidefalse
* \@mparswitchfalse
* \@reversemarginfalse
* (1in=72.27pt=25.4mm, 1cm=28.453pt)


(C:\ProgramData\scoop\apps\miktex\current\texmfs\install\tex/context/base/mkii\
supp-pdf.mkii
[Loading MPS to PDF converter (version 2006.09.02).]
\scratchcounter=\count316
\scratchdimen=\dimen185
\scratchbox=\box65
\nofMPsegments=\count317
\nofMParguments=\count318
\everyMPshowfont=\toks31
\MPscratchCnt=\count319
\MPscratchDim=\dimen186
\MPnumerator=\count320
\makeMPintoPDFobject=\count321
\everyMPtoPDFconversion=\toks32
)
Package hyperref Info: Link coloring ON on input line 148.
\ANDbox=\box66
LaTeX Font Info:    Trying to load font information for OT1+lmr on input line 1
50.

(C:\ProgramData\scoop\apps\miktex\current\texmfs\install\tex/latex/lm\ot1lmr.fd
File: ot1lmr.fd 2015/05/01 v1.6.1 Font defs for Latin Modern
)
LaTeX Font Info:    Trying to load font information for OML+lmm on input line 1
50.

(C:\ProgramData\scoop\apps\miktex\current\texmfs\install\tex/latex/lm\omllmm.fd
File: omllmm.fd 2015/05/01 v1.6.1 Font defs for Latin Modern
)
LaTeX Font Info:    Trying to load font information for OMS+lmsy on input line 
150.

(C:\ProgramData\scoop\apps\miktex\current\texmfs\install\tex/latex/lm\omslmsy.f
d
File: omslmsy.fd 2015/05/01 v1.6.1 Font defs for Latin Modern
)
LaTeX Font Info:    Trying to load font information for OMX+lmex on input line 
150.

(C:\ProgramData\scoop\apps\miktex\current\texmfs\install\tex/latex/lm\omxlmex.f
d
File: omxlmex.fd 2015/05/01 v1.6.1 Font defs for Latin Modern
)
LaTeX Font Info:    External font `lmex10' loaded for size
(Font)              <10.95> on input line 150.
LaTeX Font Info:    External font `lmex10' loaded for size
(Font)              <8> on input line 150.
LaTeX Font Info:    External font `lmex10' loaded for size
(Font)              <6> on input line 150.
LaTeX Font Info:    Trying to load font information for U+fontawesomebrands0 on
 input line 159.

(C:\ProgramData\scoop\apps\miktex\current\texmfs\install\tex/latex/fontawesome5
\ufontawesomebrands0.fd)
LaTeX Font Info:    Font shape `U/fontawesomebrands0/solid/n' in size <10.95> n
ot available
(Font)              Font shape `U/fontawesomebrands0/regular/n' tried instead o
n input line 159.
LaTeX Font Info:    Trying to load font information for U+fontawesomefree1 on i
nput line 167.

(C:\ProgramData\scoop\apps\miktex\current\texmfs\install\tex/latex/fontawesome5
\ufontawesomefree1.fd)

LaTeX Font Warning: Font shape `U/fontawesomefree1/large/n' undefined
(Font)              using `U/fontawesomefree1/m/n' instead on input line 167.

LaTeX Font Info:    Font shape `U/fontawesomefree1/m/n' in size <10.95> not ava
ilable
(Font)              Font shape `U/fontawesomefree1/regular/n' tried instead on 
input line 167.
LaTeX Font Info:    Trying to load font information for U+fontawesomefree2 on i
nput line 169.

(C:\ProgramData\scoop\apps\miktex\current\texmfs\install\tex/latex/fontawesome5
\ufontawesomefree2.fd)
LaTeX Font Info:    External font `lmex10' loaded for size
(Font)              <10> on input line 191.
LaTeX Font Info:    External font `lmex10' loaded for size
(Font)              <7> on input line 191.
LaTeX Font Info:    External font `lmex10' loaded for size
(Font)              <5> on input line 191.


[1

{C:/ProgramData/scoop/apps/miktex/current/texmfs/data/fonts/map/pdftex/pdftex.m
ap}{C:/ProgramData/scoop/apps/miktex/current/texmfs/install/fonts/enc/dvips/bas
e/8r.enc}{C:/ProgramData/scoop/apps/miktex/current/texmfs/install/fonts/enc/dvi
ps/fontawesome5/fa5brands0.enc}{C:/ProgramData/scoop/apps/miktex/current/texmfs
/install/fonts/enc/dvips/fontawesome5/fa5free1.enc}{C:/ProgramData/scoop/apps/m
iktex/current/texmfs/install/fonts/enc/dvips/fontawesome5/fa5free2.enc}{C:/Prog
ramData/scoop/apps/miktex/current/texmfs/install/fonts/enc/dvips/lm/lm-mathsy.e
nc}] 
enddocument/afterlastpage: lastpage setting LastPage.

Package lastpage Warning: \@currentHpage is
(lastpage)                macro:->page.
(lastpage)                not beginning with "page.",
(lastpage)                \lastpage@lastpageHy is now let empty..

(index.aux)
 ***********
LaTeX2e <2024-06-01> patch level 2
L3 programming layer <2024-07-20>
 ***********


LaTeX Font Warning: Some font shapes were not available, defaults substituted.

 ) 
Here is how much of TeX's memory you used:
 15535 strings out of 473898
 267920 string characters out of 5721270
 1943960 words of memory out of 5000000
 38192 multiletter control sequences out of 15000+600000
 595397 words of font info for 69 fonts, out of 8000000 for 9000
 1141 hyphenation exceptions out of 8191
 75i,7n,80p,310b,453s stack positions out of 10000i,1000n,20000p,200000b,200000s
<C:/ProgramData/scoop/apps/miktex/current/texmfs/install/fonts/type1/public/f
ontawesome5/FontAwesome5Brands-Regular.pfb><C:/ProgramData/scoop/apps/miktex/cu
rrent/texmfs/install/fonts/type1/public/fontawesome5/FontAwesome5Free-Regular.p
fb><C:/ProgramData/scoop/apps/miktex/current/texmfs/install/fonts/type1/public/
fontawesome5/FontAwesome5Free-Solid.pfb><C:/ProgramData/scoop/apps/miktex/curre
nt/texmfs/install/fonts/type1/bitstrea/charter/bchb8a.pfb><C:/ProgramData/scoop
/apps/miktex/current/texmfs/install/fonts/type1/bitstrea/charter/bchr8a.pfb><C:
/ProgramData/scoop/apps/miktex/current/texmfs/install/fonts/type1/public/lm/lms
y10.pfb>
Output written on index.pdf (1 page, 71975 bytes).
PDF statistics:
 64 PDF objects out of 1000 (max. 8388607)
 5 named destinations out of 1000 (max. 500000)
 25 words of extra memory for PDF output out of 10000 (max. 10000000)

